<?xml version="1.0" encoding="UTF-8"?>
<coverage generated="1571765888822" clover="3.2.0">
  <project timestamp="1571765888822" name="All files">
    <metrics statements="28" coveredstatements="24" conditionals="7" coveredconditionals="5" methods="8" coveredmethods="7" elements="43" coveredelements="36" complexity="0" loc="28" ncloc="28" packages="2" files="4" classes="4"/>
    <package name="src.helpers">
      <metrics statements="20" coveredstatements="16" conditionals="7" coveredconditionals="5" methods="4" coveredmethods="3"/>
      <file name="isUrl.js" path="C:\Users\James\Desktop\A11Y-CI\src\helpers\isUrl.js">
        <metrics statements="4" coveredstatements="4" conditionals="2" coveredconditionals="2" methods="1" coveredmethods="1"/>
        <line num="2" count="1" type="stmt"/>
        <line num="3" count="1" type="stmt"/>
        <line num="6" count="2" type="cond" truecount="2" falsecount="0"/>
        <line num="9" count="1" type="stmt"/>
      </file>
      <file name="log.js" path="C:\Users\James\Desktop\A11Y-CI\src\helpers\log.js">
        <metrics statements="3" coveredstatements="1" conditionals="0" coveredconditionals="0" methods="1" coveredmethods="0"/>
        <line num="2" count="0" type="stmt"/>
        <line num="3" count="0" type="stmt"/>
        <line num="6" count="1" type="stmt"/>
      </file>
      <file name="parseCLIArguments.js" path="C:\Users\James\Desktop\A11Y-CI\src\helpers\parseCLIArguments.js">
        <metrics statements="13" coveredstatements="11" conditionals="5" coveredconditionals="3" methods="2" coveredmethods="2"/>
        <line num="1" count="1" type="stmt"/>
        <line num="2" count="1" type="stmt"/>
        <line num="3" count="1" type="stmt"/>
        <line num="4" count="1" type="stmt"/>
        <line num="6" count="1" type="cond" truecount="1" falsecount="0"/>
        <line num="7" count="2" type="stmt"/>
        <line num="36" count="1" type="stmt"/>
        <line num="65" count="2" type="stmt"/>
        <line num="67" count="2" type="cond" truecount="1" falsecount="1"/>
        <line num="68" count="0" type="stmt"/>
        <line num="75" count="2" type="cond" truecount="1" falsecount="1"/>
        <line num="76" count="0" type="stmt"/>
        <line num="79" count="2" type="stmt"/>
      </file>
    </package>
    <package name="test.__fixtures__">
      <metrics statements="8" coveredstatements="8" conditionals="0" coveredconditionals="0" methods="4" coveredmethods="4"/>
      <file name="options.js" path="C:\Users\James\Desktop\A11Y-CI\test\__fixtures__\options.js">
        <metrics statements="8" coveredstatements="8" conditionals="0" coveredconditionals="0" methods="4" coveredmethods="4"/>
        <line num="1" count="1" type="stmt"/>
        <line num="3" count="1" type="stmt"/>
        <line num="7" count="1" type="stmt"/>
        <line num="20" count="2" type="stmt"/>
        <line num="21" count="10" type="stmt"/>
        <line num="22" count="10" type="stmt"/>
        <line num="23" count="8" type="stmt"/>
        <line num="26" count="1" type="stmt"/>
      </file>
    </package>
  </project>
</coverage>
