{"C:\\Users\\James\\Desktop\\A11Y-CI\\src\\helpers\\isUrl.js": {"path":"C:\\Users\\James\\Desktop\\A11Y-CI\\src\\helpers\\isUrl.js","statementMap":{"0":{"start":{"line":2,"column":2},"end":{"line":2,"column":399}},"1":{"start":{"line":3,"column":23},"end":{"line":3,"column":48}},"2":{"start":{"line":6,"column":2},"end":{"line":6,"column":55}},"3":{"start":{"line":9,"column":0},"end":{"line":9,"column":23}}},"fnMap":{"0":{"name":"isURL","decl":{"start":{"line":5,"column":9},"end":{"line":5,"column":14}},"loc":{"start":{"line":5,"column":20},"end":{"line":7,"column":1}},"line":5}},"branchMap":{"0":{"loc":{"start":{"line":6,"column":9},"end":{"line":6,"column":54}},"type":"binary-expr","locations":[{"start":{"line":6,"column":9},"end":{"line":6,"column":26}},{"start":{"line":6,"column":30},"end":{"line":6,"column":54}}],"line":6}},"s":{"0":1,"1":1,"2":2,"3":1},"f":{"0":2},"b":{"0":[2,2]},"_coverageSchema":"43e27e138ebf9cfc5966b082cf9a028302ed4184","hash":"84aae60dd1ec170d7ab2aa614ad28c9d47730130"}
,"C:\\Users\\James\\Desktop\\A11Y-CI\\src\\helpers\\log.js": {"path":"C:\\Users\\James\\Desktop\\A11Y-CI\\src\\helpers\\log.js","statementMap":{"0":{"start":{"line":2,"column":2},"end":{"line":2,"column":23}},"1":{"start":{"line":3,"column":2},"end":{"line":3,"column":18}},"2":{"start":{"line":6,"column":0},"end":{"line":6,"column":21}}},"fnMap":{"0":{"name":"log","decl":{"start":{"line":1,"column":9},"end":{"line":1,"column":12}},"loc":{"start":{"line":1,"column":22},"end":{"line":4,"column":1}},"line":1}},"branchMap":{},"s":{"0":0,"1":0,"2":1},"f":{"0":0},"b":{},"_coverageSchema":"43e27e138ebf9cfc5966b082cf9a028302ed4184","hash":"70a06d66093c1703f547401cc6158196b8ce8a60"}
,"C:\\Users\\James\\Desktop\\A11Y-CI\\src\\helpers\\parseCLIArguments.js": {"path":"C:\\Users\\James\\Desktop\\A11Y-CI\\src\\helpers\\parseCLIArguments.js","statementMap":{"0":{"start":{"line":1,"column":20},"end":{"line":1,"column":40}},"1":{"start":{"line":2,"column":12},"end":{"line":2,"column":28}},"2":{"start":{"line":3,"column":14},"end":{"line":3,"column":30}},"3":{"start":{"line":4,"column":14},"end":{"line":4,"column":32}},"4":{"start":{"line":6,"column":0},"end":{"line":93,"column":2}},"5":{"start":{"line":7,"column":2},"end":{"line":52,"column":17}},"6":{"start":{"line":36,"column":11},"end":{"line":36,"column":23}},"7":{"start":{"line":65,"column":6},"end":{"line":65,"column":13}},"8":{"start":{"line":67,"column":2},"end":{"line":73,"column":3}},"9":{"start":{"line":68,"column":4},"end":{"line":72,"column":6}},"10":{"start":{"line":75,"column":2},"end":{"line":77,"column":3}},"11":{"start":{"line":76,"column":4},"end":{"line":76,"column":48}},"12":{"start":{"line":79,"column":2},"end":{"line":92,"column":4}}},"fnMap":{"0":{"name":"parseArguments","decl":{"start":{"line":6,"column":26},"end":{"line":6,"column":40}},"loc":{"start":{"line":6,"column":72},"end":{"line":93,"column":1}},"line":6},"1":{"name":"(anonymous_1)","decl":{"start":{"line":36,"column":6},"end":{"line":36,"column":7}},"loc":{"start":{"line":36,"column":11},"end":{"line":36,"column":23}},"line":36}},"branchMap":{"0":{"loc":{"start":{"line":6,"column":47},"end":{"line":6,"column":70}},"type":"default-arg","locations":[{"start":{"line":6,"column":57},"end":{"line":6,"column":70}}],"line":6},"1":{"loc":{"start":{"line":67,"column":2},"end":{"line":73,"column":3}},"type":"if","locations":[{"start":{"line":67,"column":2},"end":{"line":73,"column":3}},{"start":{"line":67,"column":2},"end":{"line":73,"column":3}}],"line":67},"2":{"loc":{"start":{"line":75,"column":2},"end":{"line":77,"column":3}},"type":"if","locations":[{"start":{"line":75,"column":2},"end":{"line":77,"column":3}},{"start":{"line":75,"column":2},"end":{"line":77,"column":3}}],"line":75}},"s":{"0":1,"1":1,"2":1,"3":1,"4":1,"5":2,"6":1,"7":2,"8":2,"9":0,"10":2,"11":0,"12":2},"f":{"0":2,"1":1},"b":{"0":[2],"1":[0,2],"2":[0,2]},"_coverageSchema":"43e27e138ebf9cfc5966b082cf9a028302ed4184","hash":"6a186fd69912ebee1640955bae07f5b773f00a36"}
,"C:\\Users\\James\\Desktop\\A11Y-CI\\test\\__fixtures__\\options.js": {"path":"C:\\Users\\James\\Desktop\\A11Y-CI\\test\\__fixtures__\\options.js","statementMap":{"0":{"start":{"line":1,"column":16},"end":{"line":1,"column":50}},"1":{"start":{"line":3,"column":24},"end":{"line":5,"column":1}},"2":{"start":{"line":7,"column":19},"end":{"line":17,"column":1}},"3":{"start":{"line":20,"column":2},"end":{"line":23,"column":46}},"4":{"start":{"line":21,"column":14},"end":{"line":21,"column":25}},"5":{"start":{"line":22,"column":17},"end":{"line":22,"column":29}},"6":{"start":{"line":23,"column":27},"end":{"line":23,"column":44}},"7":{"start":{"line":26,"column":0},"end":{"line":30,"column":2}}},"fnMap":{"0":{"name":"toArray","decl":{"start":{"line":19,"column":9},"end":{"line":19,"column":16}},"loc":{"start":{"line":19,"column":22},"end":{"line":24,"column":1}},"line":19},"1":{"name":"(anonymous_1)","decl":{"start":{"line":21,"column":9},"end":{"line":21,"column":10}},"loc":{"start":{"line":21,"column":14},"end":{"line":21,"column":25}},"line":21},"2":{"name":"(anonymous_2)","decl":{"start":{"line":22,"column":12},"end":{"line":22,"column":13}},"loc":{"start":{"line":22,"column":17},"end":{"line":22,"column":29}},"line":22},"3":{"name":"(anonymous_3)","decl":{"start":{"line":23,"column":12},"end":{"line":23,"column":13}},"loc":{"start":{"line":23,"column":27},"end":{"line":23,"column":44}},"line":23}},"branchMap":{},"s":{"0":1,"1":1,"2":1,"3":2,"4":10,"5":10,"6":8,"7":1},"f":{"0":2,"1":10,"2":10,"3":8},"b":{},"_coverageSchema":"43e27e138ebf9cfc5966b082cf9a028302ed4184","hash":"fcc00156276bc825a44e9dee7ca22d994cbb152b"}
}
