TN:
SF:C:\Users\James\Desktop\A11Y-CI\src\helpers\isUrl.js
FN:5,isURL
FNF:1
FNH:1
FNDA:2,isURL
DA:2,1
DA:3,1
DA:6,2
DA:9,1
LF:4
LH:4
BRDA:6,0,0,2
BRDA:6,0,1,2
BRF:2
BRH:2
end_of_record
TN:
SF:C:\Users\James\Desktop\A11Y-CI\src\helpers\log.js
FN:1,log
FNF:1
FNH:0
FNDA:0,log
DA:2,0
DA:3,0
DA:6,1
LF:3
LH:1
BRF:0
BRH:0
end_of_record
TN:
SF:C:\Users\James\Desktop\A11Y-CI\src\helpers\parseCLIArguments.js
FN:6,parseArguments
FN:36,(anonymous_1)
FNF:2
FNH:2
FNDA:2,parseArguments
FNDA:1,(anonymous_1)
DA:1,1
DA:2,1
DA:3,1
DA:4,1
DA:6,1
DA:7,2
DA:36,1
DA:65,2
DA:67,2
DA:68,0
DA:75,2
DA:76,0
DA:79,2
LF:13
LH:11
BRDA:6,0,0,2
BRDA:67,1,0,0
BRDA:67,1,1,2
BRDA:75,2,0,0
BRDA:75,2,1,2
BRF:5
BRH:3
end_of_record
TN:
SF:C:\Users\James\Desktop\A11Y-CI\test\__fixtures__\options.js
FN:19,toArray
FN:21,(anonymous_1)
FN:22,(anonymous_2)
FN:23,(anonymous_3)
FNF:4
FNH:4
FNDA:2,toArray
FNDA:10,(anonymous_1)
FNDA:10,(anonymous_2)
FNDA:8,(anonymous_3)
DA:1,1
DA:3,1
DA:7,1
DA:20,2
DA:21,10
DA:22,10
DA:23,8
DA:26,1
LF:8
LH:8
BRF:0
BRH:0
end_of_record
